<?xml version="1.0" encoding="UTF-8"?>
<!-- Generated by org.testng.reporters.JUnitReportReporter -->
<testsuite hostname="LAPTOP-EGGV59UT" failures="0" tests="2" name="demo.Run" time="0.213" errors="0" timestamp="2023-08-12T13:07:28 IST" skipped="0">
  <testcase classname="demo.Run" name="login" time="0.207"/>
  <testcase classname="demo.Run" name="close" time="0.006"/>
</testsuite> <!-- demo.Run -->
