<?xml version="1.0" encoding="UTF-8"?>
<!-- Generated by org.testng.reporters.JUnitReportReporter -->
<testsuite hostname="LAPTOP-EGGV59UT" failures="0" tests="1" name="testng.LoginTest" time="2.116" errors="0" timestamp="2023-08-08T12:36:06 IST" skipped="0">
  <testcase classname="testng.LoginTest" name="loginCredential" time="2.116"/>
</testsuite> <!-- testng.LoginTest -->
