<?xml version="1.0" encoding="UTF-8"?>
<!-- Generated by org.testng.reporters.JUnitReportReporter -->
<testsuite hostname="LAPTOP-EGGV59UT" failures="0" tests="1" name="testng.testBasic" time="0.010" errors="0" timestamp="2023-09-20T17:48:52 IST" skipped="0">
  <testcase classname="testng.testBasic" name="runtest" time="0.010"/>
</testsuite> <!-- testng.testBasic -->
