<?xml version="1.0" encoding="UTF-8"?>
<!-- Generated by org.testng.reporters.JUnitReportReporter -->
<testsuite hostname="LAPTOP-EGGV59UT" failures="0" tests="2" name="Demo.Login2" time="1.587" errors="0" timestamp="2024-02-03T12:48:41 IST" skipped="0">
  <testcase classname="Demo.Login2" name="click_on_Login_Button" time="1.429"/>
  <testcase classname="Demo.Login2" name="click_on_Login_Button" time="0.158"/>
</testsuite> <!-- Demo.Login2 -->
