<?xml version="1.0" encoding="UTF-8"?>
<!-- Generated by org.testng.reporters.JUnitReportReporter -->
<testsuite hostname="LAPTOP-EGGV59UT" failures="0" tests="4" name="Testngdemo.DemoLogin" time="25.301" errors="0" timestamp="2024-08-28T16:20:26 IST" skipped="0">
  <testcase classname="Testngdemo.DemoLogin" name="setup" time="14.799"/>
  <testcase classname="Testngdemo.DemoLogin" name="setup" time="8.478"/>
  <testcase classname="Testngdemo.DemoLogin" name="logindata" time="0.593"/>
  <testcase classname="Testngdemo.DemoLogin" name="logindata" time="1.431"/>
</testsuite> <!-- Testngdemo.DemoLogin -->
