<?xml version="1.0" encoding="UTF-8"?>
<!-- Generated by org.testng.reporters.JUnitReportReporter -->
<testsuite hostname="LAPTOP-EGGV59UT" failures="0" tests="3" name="testngdemo.TestNgGroupexecution" time="1.927" errors="0" timestamp="2024-10-09T16:33:46 IST" skipped="0">
  <testcase classname="testngdemo.TestNgGroupexecution" name="FullName" time="0.162"/>
  <testcase classname="testngdemo.TestNgGroupexecution" name="EnterEmail" time="0.211"/>
  <testcase classname="testngdemo.TestNgGroupexecution" name="click_On_signup_button" time="1.554"/>
</testsuite> <!-- testngdemo.TestNgGroupexecution -->
