<?xml version="1.0" encoding="UTF-8"?>
<!-- Generated by org.testng.reporters.JUnitReportReporter -->
<testsuite hostname="LAPTOP-EGGV59UT" failures="0" tests="1" name="testcase.LoginTest" time="18.307" errors="0" timestamp="2024-11-06T12:00:29 IST" skipped="0">
  <testcase classname="testcase.LoginTest" name="testexecution" time="18.307"/>
</testsuite> <!-- testcase.LoginTest -->
