<?xml version="1.0" encoding="UTF-8"?>
<!-- Generated by org.testng.reporters.JUnitReportReporter -->
<testsuite hostname="LAPTOP-EGGV59UT" failures="0" tests="1" name="TestngPom.TestDriver" time="3.080" errors="0" timestamp="2024-09-14T13:28:51 IST" skipped="0">
  <testcase classname="TestngPom.TestDriver" name="verify_homePage" time="3.080"/>
</testsuite> <!-- TestngPom.TestDriver -->
