<?xml version="1.0" encoding="UTF-8"?>
<!-- Generated by org.testng.reporters.JUnitReportReporter -->
<testsuite hostname="LAPTOP-EGGV59UT" failures="0" tests="4" name="listerners.TetngListernsExecutionfromthis" time="0.016" errors="0" timestamp="2024-08-18T13:53:06 IST" skipped="0">
  <testcase classname="listerners.TetngListernsExecutionfromthis" name="test2" time="0.002"/>
  <testcase classname="listerners.TetngListernsExecutionfromthis" name="test1" time="0.010"/>
  <testcase classname="listerners.TetngListernsExecutionfromthis" name="test4" time="0.002"/>
  <testcase classname="listerners.TetngListernsExecutionfromthis" name="test3" time="0.002"/>
</testsuite> <!-- listerners.TetngListernsExecutionfromthis -->
